DEPRECATION WARNING: ActiveSupport.halt_callback_chains_on_return_false= is deprecated and will be removed in Rails 5.2. (called from <top (required)> at /Users/Steven/berkeley/sp18/rails_decal/cal-housing/config/initializers/new_framework_defaults.rb:21)
Started GET "/" for 127.0.0.1 at 2018-04-23 21:36:35 -0700
  [1m[35m (0.3ms)[0m  [1m[34mSELECT "schema_migrations"."version" FROM "schema_migrations" ORDER BY "schema_migrations"."version" ASC[0m

ActiveRecord::PendingMigrationError - Migrations are pending. To resolve this issue, run:

        bin/rails db:migrate RAILS_ENV=development

:

Started POST "/__better_errors/c510b931f8bf0cb8/variables" for 127.0.0.1 at 2018-04-23 21:36:36 -0700
DEPRECATION WARNING: ActiveSupport.halt_callback_chains_on_return_false= is deprecated and will be removed in Rails 5.2. (called from <top (required)> at /Users/Steven/berkeley/sp18/rails_decal/cal-housing/config/initializers/new_framework_defaults.rb:21)
  [1m[35m (0.3ms)[0m  [1m[34mSELECT "schema_migrations"."version" FROM "schema_migrations" ORDER BY "schema_migrations"."version" ASC[0m
Migrating to AddDetailsToListings (20180423021612)
  [1m[35m (0.1ms)[0m  [1m[36mbegin transaction[0m
  [1m[35m (0.8ms)[0m  [1m[35mALTER TABLE "listings" ADD "lat" decimal[0m
  [1m[35m (0.2ms)[0m  [1m[35mALTER TABLE "listings" ADD "lon" decimal[0m
  [1m[35mSQL (0.4ms)[0m  [1m[32mINSERT INTO "schema_migrations" ("version") VALUES (?)[0m  [["version", "20180423021612"]]
  [1m[35m (2.5ms)[0m  [1m[36mcommit transaction[0m
Migrating to ChangeLonToLng (20180423032803)
  [1m[35m (0.1ms)[0m  [1m[36mbegin transaction[0m
  [1m[35mSQL (0.2ms)[0m  [1m[32mINSERT INTO "schema_migrations" ("version") VALUES (?)[0m  [["version", "20180423032803"]]
  [1m[35m (0.4ms)[0m  [1m[36mcommit transaction[0m
Migrating to RemoveLonFromListings (20180423033044)
  [1m[35m (0.0ms)[0m  [1m[36mbegin transaction[0m
  [1m[35m (0.2ms)[0m  [1m[34mSELECT sqlite_version(*)[0m
  [1m[35m (0.3ms)[0m  [1m[35mCREATE TEMPORARY TABLE "alistings" ("id" integer NOT NULL PRIMARY KEY, "author" varchar DEFAULT NULL, "price" integer DEFAULT NULL, "open_spots" integer DEFAULT NULL, "street" varchar DEFAULT NULL, "city" varchar DEFAULT NULL, "distance" decimal DEFAULT NULL, "start_date" date DEFAULT NULL, "end_date" date DEFAULT NULL, "rating" integer DEFAULT NULL, "description" text DEFAULT NULL, "created_at" datetime NOT NULL, "updated_at" datetime NOT NULL, "lat" decimal DEFAULT NULL, "lon" decimal DEFAULT NULL)[0m
  [1m[35m (0.4ms)[0m  [1m[32mINSERT INTO "alistings" ("id","author","price","open_spots","street","city","distance","start_date","end_date","rating","description","created_at","updated_at","lat","lon")
                     SELECT "id","author","price","open_spots","street","city","distance","start_date","end_date","rating","description","created_at","updated_at","lat","lon" FROM "listings"[0m
  [1m[35m (1.0ms)[0m  [1m[35mDROP TABLE "listings"[0m
  [1m[35m (0.2ms)[0m  [1m[35mCREATE TABLE "listings" ("id" integer NOT NULL PRIMARY KEY, "author" varchar DEFAULT NULL, "price" integer DEFAULT NULL, "open_spots" integer DEFAULT NULL, "street" varchar DEFAULT NULL, "city" varchar DEFAULT NULL, "distance" decimal DEFAULT NULL, "start_date" date DEFAULT NULL, "end_date" date DEFAULT NULL, "rating" integer DEFAULT NULL, "description" text DEFAULT NULL, "created_at" datetime NOT NULL, "updated_at" datetime NOT NULL, "lat" decimal DEFAULT NULL)[0m
  [1m[35m (0.1ms)[0m  [1m[32mINSERT INTO "listings" ("id","author","price","open_spots","street","city","distance","start_date","end_date","rating","description","created_at","updated_at","lat")
                     SELECT "id","author","price","open_spots","street","city","distance","start_date","end_date","rating","description","created_at","updated_at","lat" FROM "alistings"[0m
  [1m[35m (0.1ms)[0m  [1m[35mDROP TABLE "alistings"[0m
  [1m[35mSQL (0.1ms)[0m  [1m[32mINSERT INTO "schema_migrations" ("version") VALUES (?)[0m  [["version", "20180423033044"]]
  [1m[35m (0.7ms)[0m  [1m[36mcommit transaction[0m
Migrating to AddLngToListings (20180423033223)
  [1m[35m (0.1ms)[0m  [1m[36mbegin transaction[0m
  [1m[35m (0.4ms)[0m  [1m[35mALTER TABLE "listings" ADD "lng" decimal[0m
  [1m[35mSQL (0.1ms)[0m  [1m[32mINSERT INTO "schema_migrations" ("version") VALUES (?)[0m  [["version", "20180423033223"]]
  [1m[35m (0.4ms)[0m  [1m[36mcommit transaction[0m
  [1m[36mActiveRecord::InternalMetadata Load (0.6ms)[0m  [1m[34mSELECT  "ar_internal_metadata".* FROM "ar_internal_metadata" WHERE "ar_internal_metadata"."key" = ? LIMIT ?[0m  [["key", "environment"], ["LIMIT", 1]]
  [1m[35m (0.0ms)[0m  [1m[36mbegin transaction[0m
  [1m[35m (0.0ms)[0m  [1m[36mcommit transaction[0m
  [1m[35m (0.2ms)[0m  [1m[34mSELECT "schema_migrations"."version" FROM "schema_migrations" ORDER BY "schema_migrations"."version" ASC[0m
  [1m[35m (0.1ms)[0m  [1m[34m            SELECT sql
            FROM sqlite_master
            WHERE name='index_subletters_on_reset_password_token' AND type='index'
            UNION ALL
            SELECT sql
            FROM sqlite_temp_master
            WHERE name='index_subletters_on_reset_password_token' AND type='index'
[0m
  [1m[35m (0.1ms)[0m  [1m[34m            SELECT sql
            FROM sqlite_master
            WHERE name='index_subletters_on_email' AND type='index'
            UNION ALL
            SELECT sql
            FROM sqlite_temp_master
            WHERE name='index_subletters_on_email' AND type='index'
[0m
  [1m[35m (0.1ms)[0m  [1m[34m            SELECT sql
            FROM sqlite_master
            WHERE name='index_users_on_reset_password_token' AND type='index'
            UNION ALL
            SELECT sql
            FROM sqlite_temp_master
            WHERE name='index_users_on_reset_password_token' AND type='index'
[0m
  [1m[35m (0.1ms)[0m  [1m[34m            SELECT sql
            FROM sqlite_master
            WHERE name='index_users_on_email' AND type='index'
            UNION ALL
            SELECT sql
            FROM sqlite_temp_master
            WHERE name='index_users_on_email' AND type='index'
[0m
DEPRECATION WARNING: ActiveSupport.halt_callback_chains_on_return_false= is deprecated and will be removed in Rails 5.2. (called from <top (required)> at /Users/Steven/berkeley/sp18/rails_decal/cal-housing/config/initializers/new_framework_defaults.rb:21)
Started GET "/" for 127.0.0.1 at 2018-04-23 21:36:51 -0700
  [1m[35m (0.3ms)[0m  [1m[34mSELECT "schema_migrations"."version" FROM "schema_migrations" ORDER BY "schema_migrations"."version" ASC[0m
Processing by VisitorsController#index as HTML
  Rendering visitors/index.html.erb within layouts/application
  [1m[35m (0.1ms)[0m  [1m[34mSELECT COUNT(*) FROM "users"[0m
  Rendered visitors/index.html.erb within layouts/application (4.7ms)
  Rendered layouts/_navigation_links.html.erb (0.5ms)
  Rendered layouts/_nav_links_for_auth.html.erb (3.6ms)
  Rendered layouts/_navigation.html.erb (7.6ms)
  Rendered layouts/_messages.html.erb (0.4ms)
Completed 200 OK in 436ms (Views: 424.5ms | ActiveRecord: 0.5ms)


Started GET "/app/views/signup/index.html" for 127.0.0.1 at 2018-04-23 21:36:55 -0700
Processing by SignupsController#index as HTML
  Rendering signups/index.html.erb within layouts/application
  Rendered signups/index.html.erb within layouts/application (0.9ms)
  Rendered layouts/_navigation_links.html.erb (0.5ms)
  Rendered layouts/_nav_links_for_auth.html.erb (1.3ms)
  Rendered layouts/_navigation.html.erb (6.7ms)
  Rendered layouts/_messages.html.erb (0.9ms)
Completed 200 OK in 91ms (Views: 88.5ms | ActiveRecord: 0.0ms)


Started GET "/user/sign_in" for 127.0.0.1 at 2018-04-23 21:36:56 -0700
Processing by Devise::SessionsController#new as HTML
  Rendering users/sessions/new.html.erb within layouts/application
  Rendered users/shared/_links.html.erb (1.0ms)
  Rendered users/sessions/new.html.erb within layouts/application (447.2ms)
  Rendered layouts/_navigation_links.html.erb (0.3ms)
  Rendered layouts/_nav_links_for_auth.html.erb (0.8ms)
  Rendered layouts/_navigation.html.erb (4.1ms)
  Rendered layouts/_messages.html.erb (0.4ms)
Completed 200 OK in 546ms (Views: 499.4ms | ActiveRecord: 0.6ms)


Started GET "/app/views/signup/index.html" for 127.0.0.1 at 2018-04-23 21:37:08 -0700
Processing by SignupsController#index as HTML
  Rendering signups/index.html.erb within layouts/application
  Rendered signups/index.html.erb within layouts/application (0.5ms)
  Rendered layouts/_navigation_links.html.erb (0.4ms)
  Rendered layouts/_nav_links_for_auth.html.erb (0.8ms)
  Rendered layouts/_navigation.html.erb (3.8ms)
  Rendered layouts/_messages.html.erb (0.4ms)
Completed 200 OK in 116ms (Views: 113.6ms | ActiveRecord: 0.0ms)


Started GET "/user/sign_up" for 127.0.0.1 at 2018-04-23 21:37:10 -0700
Processing by Devise::RegistrationsController#new as HTML
  Rendering users/registrations/new.html.erb within layouts/application
  Rendered users/shared/_links.html.erb (1.3ms)
  Rendered users/registrations/new.html.erb within layouts/application (8.9ms)
  Rendered layouts/_navigation_links.html.erb (0.4ms)
  Rendered layouts/_nav_links_for_auth.html.erb (0.8ms)
  Rendered layouts/_navigation.html.erb (4.0ms)
  Rendered layouts/_messages.html.erb (0.9ms)
Completed 200 OK in 75ms (Views: 74.1ms | ActiveRecord: 0.0ms)


Started GET "/app/views/signup/index.html" for 127.0.0.1 at 2018-04-23 21:37:12 -0700
Processing by SignupsController#index as HTML
  Rendering signups/index.html.erb within layouts/application
  Rendered signups/index.html.erb within layouts/application (0.6ms)
  Rendered layouts/_navigation_links.html.erb (0.5ms)
  Rendered layouts/_nav_links_for_auth.html.erb (1.1ms)
  Rendered layouts/_navigation.html.erb (5.2ms)
  Rendered layouts/_messages.html.erb (0.5ms)
Completed 200 OK in 83ms (Views: 80.5ms | ActiveRecord: 0.0ms)


Started GET "/subletter/sign_up" for 127.0.0.1 at 2018-04-23 21:37:13 -0700
Processing by Devise::RegistrationsController#new as HTML
  Rendering subletters/registrations/new.html.erb within layouts/application
  Rendered subletters/shared/_links.html.erb (1.2ms)
  Rendered subletters/registrations/new.html.erb within layouts/application (9.1ms)
  Rendered layouts/_navigation_links.html.erb (0.4ms)
  Rendered layouts/_nav_links_for_auth.html.erb (0.7ms)
  Rendered layouts/_navigation.html.erb (3.7ms)
  Rendered layouts/_messages.html.erb (0.5ms)
Completed 200 OK in 85ms (Views: 70.7ms | ActiveRecord: 0.6ms)


Started GET "/app/views/signup/index.html" for 127.0.0.1 at 2018-04-23 21:37:14 -0700
Processing by SignupsController#index as HTML
  Rendering signups/index.html.erb within layouts/application
  Rendered signups/index.html.erb within layouts/application (0.7ms)
  Rendered layouts/_navigation_links.html.erb (0.5ms)
  Rendered layouts/_nav_links_for_auth.html.erb (1.3ms)
  Rendered layouts/_navigation.html.erb (5.7ms)
  Rendered layouts/_messages.html.erb (0.4ms)
Completed 200 OK in 90ms (Views: 87.7ms | ActiveRecord: 0.0ms)


Started GET "/user/sign_in" for 127.0.0.1 at 2018-04-23 21:37:16 -0700
Processing by Devise::SessionsController#new as HTML
  Rendering users/sessions/new.html.erb within layouts/application
  Rendered users/shared/_links.html.erb (1.0ms)
  Rendered users/sessions/new.html.erb within layouts/application (4.8ms)
  Rendered layouts/_navigation_links.html.erb (0.7ms)
  Rendered layouts/_nav_links_for_auth.html.erb (1.0ms)
  Rendered layouts/_navigation.html.erb (6.6ms)
  Rendered layouts/_messages.html.erb (0.4ms)
Completed 200 OK in 107ms (Views: 105.3ms | ActiveRecord: 0.0ms)


Started GET "/user/sign_in" for 127.0.0.1 at 2018-04-23 21:46:03 -0700
Processing by Devise::SessionsController#new as HTML
  Rendering users/sessions/new.html.erb within layouts/application
  Rendered users/shared/_links.html.erb (0.8ms)
  Rendered users/sessions/new.html.erb within layouts/application (4.6ms)
  Rendered layouts/_navigation_links.html.erb (0.5ms)
  Rendered layouts/_nav_links_for_auth.html.erb (0.9ms)
  Rendered layouts/_navigation.html.erb (4.9ms)
  Rendered layouts/_messages.html.erb (0.4ms)
Completed 200 OK in 68ms (Views: 66.9ms | ActiveRecord: 0.0ms)


Started GET "/" for 127.0.0.1 at 2018-04-23 21:46:06 -0700
Processing by VisitorsController#index as HTML
  Rendering visitors/index.html.erb within layouts/application
  [1m[35m (0.3ms)[0m  [1m[34mSELECT COUNT(*) FROM "users"[0m
  Rendered visitors/index.html.erb within layouts/application (3.4ms)
  Rendered layouts/_navigation_links.html.erb (1.1ms)
  Rendered layouts/_nav_links_for_auth.html.erb (1.6ms)
  Rendered layouts/_navigation.html.erb (7.5ms)
  Rendered layouts/_messages.html.erb (0.7ms)
Completed 200 OK in 77ms (Views: 74.3ms | ActiveRecord: 0.3ms)


Started GET "/" for 127.0.0.1 at 2018-04-23 21:46:10 -0700
Processing by VisitorsController#index as HTML
  Rendering visitors/index.html.erb within layouts/application
  [1m[35m (0.1ms)[0m  [1m[34mSELECT COUNT(*) FROM "users"[0m
  Rendered visitors/index.html.erb within layouts/application (1.3ms)
  Rendered layouts/_navigation_links.html.erb (0.4ms)
  Rendered layouts/_nav_links_for_auth.html.erb (1.0ms)
  Rendered layouts/_navigation.html.erb (4.1ms)
  Rendered layouts/_messages.html.erb (0.4ms)
Completed 200 OK in 56ms (Views: 53.9ms | ActiveRecord: 0.1ms)


Started GET "/" for 127.0.0.1 at 2018-04-23 21:46:39 -0700
Processing by VisitorsController#index as HTML
  Rendering visitors/index.html.erb within layouts/application
  [1m[35m (0.3ms)[0m  [1m[34mSELECT COUNT(*) FROM "users"[0m
  Rendered visitors/index.html.erb within layouts/application (2.6ms)
  Rendered layouts/_navigation_links.html.erb (0.3ms)
  Rendered layouts/_nav_links_for_auth.html.erb (0.7ms)
  Rendered layouts/_navigation.html.erb (3.9ms)
  Rendered layouts/_messages.html.erb (0.6ms)
Completed 200 OK in 55ms (Views: 52.9ms | ActiveRecord: 0.3ms)


Started GET "/subletter/sign_in" for 127.0.0.1 at 2018-04-23 21:46:41 -0700
Processing by Devise::SessionsController#new as HTML
  Rendering subletters/sessions/new.html.erb within layouts/application
  Rendered subletters/shared/_links.html.erb (1.0ms)
  Rendered subletters/sessions/new.html.erb within layouts/application (6.6ms)
  Rendered layouts/_navigation_links.html.erb (0.5ms)
  Rendered layouts/_nav_links_for_auth.html.erb (1.2ms)
  Rendered layouts/_navigation.html.erb (5.1ms)
  Rendered layouts/_messages.html.erb (0.5ms)
Completed 200 OK in 70ms (Views: 68.8ms | ActiveRecord: 0.0ms)


Started POST "/subletter/sign_in" for 127.0.0.1 at 2018-04-23 21:46:43 -0700
Processing by Devise::SessionsController#create as HTML
  Parameters: {"utf8"=>"✓", "authenticity_token"=>"swrB93/VZN8rmIAEcJFwiy1yU5vKUOmcPq956pPy8ULyq73ZAxqWkNpNzkq5nVbgyymgHzDFez7jWPdR+QJ6Bg==", "subletter"=>{"email"=>"bob@gmail.com", "password"=>"[FILTERED]", "remember_me"=>"0"}, "commit"=>"Log in"}
  [1m[36mSubletter Load (0.5ms)[0m  [1m[34mSELECT  "subletters".* FROM "subletters" WHERE "subletters"."email" = ? ORDER BY "subletters"."id" ASC LIMIT ?[0m  [["email", "bob@gmail.com"], ["LIMIT", 1]]
Completed 401 Unauthorized in 4ms (ActiveRecord: 0.5ms)


Processing by Devise::SessionsController#new as HTML
  Parameters: {"utf8"=>"✓", "authenticity_token"=>"swrB93/VZN8rmIAEcJFwiy1yU5vKUOmcPq956pPy8ULyq73ZAxqWkNpNzkq5nVbgyymgHzDFez7jWPdR+QJ6Bg==", "subletter"=>{"email"=>"bob@gmail.com", "password"=>"[FILTERED]", "remember_me"=>"0"}, "commit"=>"Log in"}
  Rendering subletters/sessions/new.html.erb within layouts/application
  Rendered subletters/shared/_links.html.erb (1.2ms)
  Rendered subletters/sessions/new.html.erb within layouts/application (4.6ms)
  Rendered layouts/_navigation_links.html.erb (0.3ms)
  Rendered layouts/_nav_links_for_auth.html.erb (0.7ms)
  Rendered layouts/_navigation.html.erb (3.4ms)
  Rendered layouts/_messages.html.erb (0.3ms)
Completed 200 OK in 207ms (Views: 47.9ms | ActiveRecord: 0.0ms)


Started GET "/user/sign_in" for 127.0.0.1 at 2018-04-23 21:46:45 -0700
Processing by Devise::SessionsController#new as HTML
  Rendering users/sessions/new.html.erb within layouts/application
  Rendered users/shared/_links.html.erb (0.8ms)
  Rendered users/sessions/new.html.erb within layouts/application (3.7ms)
  Rendered layouts/_navigation_links.html.erb (0.3ms)
  Rendered layouts/_nav_links_for_auth.html.erb (0.6ms)
  Rendered layouts/_navigation.html.erb (3.4ms)
  Rendered layouts/_messages.html.erb (0.4ms)
Completed 200 OK in 61ms (Views: 59.7ms | ActiveRecord: 0.0ms)


Started GET "/app/views/signup/index.html" for 127.0.0.1 at 2018-04-23 21:46:48 -0700
Processing by SignupsController#index as HTML
  Rendering signups/index.html.erb within layouts/application
  Rendered signups/index.html.erb within layouts/application (0.6ms)
  Rendered layouts/_navigation_links.html.erb (0.4ms)
  Rendered layouts/_nav_links_for_auth.html.erb (1.1ms)
  Rendered layouts/_navigation.html.erb (5.2ms)
  Rendered layouts/_messages.html.erb (0.4ms)
Completed 200 OK in 60ms (Views: 56.5ms | ActiveRecord: 0.0ms)


Started GET "/" for 127.0.0.1 at 2018-04-23 21:46:50 -0700
Processing by VisitorsController#index as HTML
  Rendering visitors/index.html.erb within layouts/application
  [1m[35m (0.2ms)[0m  [1m[34mSELECT COUNT(*) FROM "users"[0m
  Rendered visitors/index.html.erb within layouts/application (2.2ms)
  Rendered layouts/_navigation_links.html.erb (0.4ms)
  Rendered layouts/_nav_links_for_auth.html.erb (0.7ms)
  Rendered layouts/_navigation.html.erb (3.8ms)
  Rendered layouts/_messages.html.erb (0.3ms)
Completed 200 OK in 59ms (Views: 57.6ms | ActiveRecord: 0.2ms)


Started GET "/" for 127.0.0.1 at 2018-04-23 21:51:01 -0700
Processing by VisitorsController#index as HTML
  Rendering visitors/index.html.erb within layouts/application
  [1m[35m (0.1ms)[0m  [1m[34mSELECT COUNT(*) FROM "users"[0m
  Rendered visitors/index.html.erb within layouts/application (1.2ms)
  Rendered layouts/_navigation_links.html.erb (0.3ms)
  Rendered layouts/_nav_links_for_auth.html.erb (1.9ms)
  Rendered layouts/_navigation.html.erb (5.2ms)
Completed 500 Internal Server Error in 58ms (ActiveRecord: 0.1ms)



SyntaxError - syntax error, unexpected keyword_ensure, expecting keyword_end
/Users/Steven/berkeley/sp18/rails_decal/cal-housing/app/views/layouts/_nav_links_for_auth.html.erb:19: syntax error, unexpected end-of-input, expecting keyword_end:
  app/views/layouts/_nav_links_for_auth.html.erb:17:in `'
  app/views/layouts/_navigation.html.erb:16:in `_app_views_layouts__navigation_html_erb__2765443151545174954_70139140259500'
  app/views/layouts/application.html.erb:13:in `_app_views_layouts_application_html_erb__3591515243139075515_70139120747960'

Started POST "/__better_errors/a26bcc40830358cf/variables" for 127.0.0.1 at 2018-04-23 21:51:01 -0700
Started GET "/" for 127.0.0.1 at 2018-04-23 21:52:44 -0700
Processing by VisitorsController#index as HTML
  Rendering visitors/index.html.erb within layouts/application
  [1m[35m (0.1ms)[0m  [1m[34mSELECT COUNT(*) FROM "users"[0m
  Rendered visitors/index.html.erb within layouts/application (1.5ms)
  Rendered layouts/_navigation_links.html.erb (0.3ms)
  Rendered layouts/_nav_links_for_auth.html.erb (1.5ms)
  Rendered layouts/_navigation.html.erb (4.5ms)
  Rendered layouts/_messages.html.erb (0.6ms)
Completed 200 OK in 54ms (Views: 51.5ms | ActiveRecord: 0.1ms)


Started GET "/subletter/sign_in" for 127.0.0.1 at 2018-04-23 21:52:56 -0700
Processing by Devise::SessionsController#new as HTML
  Rendering subletters/sessions/new.html.erb within layouts/application
  Rendered subletters/shared/_links.html.erb (0.8ms)
  Rendered subletters/sessions/new.html.erb within layouts/application (4.3ms)
  Rendered layouts/_navigation_links.html.erb (0.4ms)
  Rendered layouts/_nav_links_for_auth.html.erb (1.0ms)
  Rendered layouts/_navigation.html.erb (4.0ms)
  Rendered layouts/_messages.html.erb (0.7ms)
Completed 200 OK in 69ms (Views: 68.2ms | ActiveRecord: 0.0ms)


Started POST "/subletter/sign_in" for 127.0.0.1 at 2018-04-23 21:53:13 -0700
Processing by Devise::SessionsController#create as HTML
  Parameters: {"utf8"=>"✓", "authenticity_token"=>"lRoqO8rWlWIcybH6Z92sKlK9Ze817frTWNhn1gh+TavUu1YVthlnLe0c/7Su0YpBtOaWa894aHGFL+ltYo7G7w==", "subletter"=>{"email"=>"subletter@a.com", "password"=>"[FILTERED]", "remember_me"=>"0"}, "commit"=>"Log in"}
  [1m[36mSubletter Load (0.2ms)[0m  [1m[34mSELECT  "subletters".* FROM "subletters" WHERE "subletters"."email" = ? ORDER BY "subletters"."id" ASC LIMIT ?[0m  [["email", "subletter@a.com"], ["LIMIT", 1]]
Completed 401 Unauthorized in 2ms (ActiveRecord: 0.2ms)


Processing by Devise::SessionsController#new as HTML
  Parameters: {"utf8"=>"✓", "authenticity_token"=>"lRoqO8rWlWIcybH6Z92sKlK9Ze817frTWNhn1gh+TavUu1YVthlnLe0c/7Su0YpBtOaWa894aHGFL+ltYo7G7w==", "subletter"=>{"email"=>"subletter@a.com", "password"=>"[FILTERED]", "remember_me"=>"0"}, "commit"=>"Log in"}
  Rendering subletters/sessions/new.html.erb within layouts/application
  Rendered subletters/shared/_links.html.erb (0.7ms)
  Rendered subletters/sessions/new.html.erb within layouts/application (3.8ms)
  Rendered layouts/_navigation_links.html.erb (0.5ms)
  Rendered layouts/_nav_links_for_auth.html.erb (1.5ms)
  Rendered layouts/_navigation.html.erb (4.9ms)
  Rendered layouts/_messages.html.erb (0.5ms)
Completed 200 OK in 186ms (Views: 54.2ms | ActiveRecord: 0.0ms)


Started GET "/subletter/sign_up" for 127.0.0.1 at 2018-04-23 21:53:15 -0700
Processing by Devise::RegistrationsController#new as HTML
  Rendering subletters/registrations/new.html.erb within layouts/application
  Rendered subletters/shared/_links.html.erb (1.1ms)
  Rendered subletters/registrations/new.html.erb within layouts/application (5.3ms)
  Rendered layouts/_navigation_links.html.erb (0.3ms)
  Rendered layouts/_nav_links_for_auth.html.erb (0.9ms)
  Rendered layouts/_navigation.html.erb (3.8ms)
  Rendered layouts/_messages.html.erb (0.8ms)
Completed 200 OK in 70ms (Views: 68.8ms | ActiveRecord: 0.0ms)


Started GET "/subletter/sign_up" for 127.0.0.1 at 2018-04-23 22:06:16 -0700
Processing by Devise::RegistrationsController#new as HTML
Completed 500 Internal Server Error in 2ms



NoMethodError - undefined method `<<' for nil:NilClass:
  app/controllers/application_controller.rb:8:in `configure_permitted_parameters'

Started POST "/__better_errors/facd9651618e2de3/variables" for 127.0.0.1 at 2018-04-23 22:06:16 -0700
Started GET "/subletter/sign_up" for 127.0.0.1 at 2018-04-23 22:12:40 -0700
Processing by Devise::RegistrationsController#new as HTML
  Rendering subletters/registrations/new.html.erb within layouts/application
  Rendered subletters/shared/_links.html.erb (0.8ms)
  Rendered subletters/registrations/new.html.erb within layouts/application (5.3ms)
  Rendered layouts/_navigation_links.html.erb (0.4ms)
  Rendered layouts/_nav_links_for_auth.html.erb (2.0ms)
  Rendered layouts/_navigation.html.erb (6.3ms)
  Rendered layouts/_messages.html.erb (0.6ms)
Completed 200 OK in 85ms (Views: 71.8ms | ActiveRecord: 1.1ms)


Started GET "/" for 127.0.0.1 at 2018-04-23 22:16:59 -0700
Processing by VisitorsController#index as HTML
  Rendering visitors/index.html.erb within layouts/application
  [1m[35m (0.1ms)[0m  [1m[34mSELECT COUNT(*) FROM "users"[0m
  Rendered visitors/index.html.erb within layouts/application (3.5ms)
  Rendered layouts/_navigation_links.html.erb (0.8ms)
  Rendered layouts/_nav_links_for_auth.html.erb (1.4ms)
  Rendered layouts/_navigation.html.erb (6.9ms)
  Rendered layouts/_messages.html.erb (0.4ms)
Completed 200 OK in 75ms (Views: 69.1ms | ActiveRecord: 0.4ms)


Started GET "/user/sign_in" for 127.0.0.1 at 2018-04-23 22:17:01 -0700
Processing by Devise::SessionsController#new as HTML
  Rendering users/sessions/new.html.erb within layouts/application
  Rendered users/shared/_links.html.erb (1.5ms)
  Rendered users/sessions/new.html.erb within layouts/application (7.4ms)
  Rendered layouts/_navigation_links.html.erb (0.4ms)
  Rendered layouts/_nav_links_for_auth.html.erb (1.4ms)
  Rendered layouts/_navigation.html.erb (4.7ms)
  Rendered layouts/_messages.html.erb (0.6ms)
Completed 200 OK in 114ms (Views: 90.3ms | ActiveRecord: 0.3ms)


Started GET "/subletter/sign_in" for 127.0.0.1 at 2018-04-23 22:17:05 -0700
Processing by Devise::SessionsController#new as HTML
  Rendering subletters/sessions/new.html.erb within layouts/application
  Rendered subletters/shared/_links.html.erb (1.3ms)
  Rendered subletters/sessions/new.html.erb within layouts/application (4.7ms)
  Rendered layouts/_navigation_links.html.erb (0.6ms)
  Rendered layouts/_nav_links_for_auth.html.erb (1.4ms)
  Rendered layouts/_navigation.html.erb (5.9ms)
  Rendered layouts/_messages.html.erb (0.6ms)
Completed 200 OK in 90ms (Views: 88.4ms | ActiveRecord: 0.0ms)


Started GET "/user/sign_in" for 127.0.0.1 at 2018-04-23 22:17:06 -0700
Processing by Devise::SessionsController#new as HTML
  Rendering users/sessions/new.html.erb within layouts/application
  Rendered users/shared/_links.html.erb (1.4ms)
  Rendered users/sessions/new.html.erb within layouts/application (14.7ms)
  Rendered layouts/_navigation_links.html.erb (0.5ms)
  Rendered layouts/_nav_links_for_auth.html.erb (1.2ms)
  Rendered layouts/_navigation.html.erb (4.4ms)
  Rendered layouts/_messages.html.erb (0.6ms)
Completed 200 OK in 105ms (Views: 103.0ms | ActiveRecord: 0.0ms)


Started GET "/subletter/sign_in" for 127.0.0.1 at 2018-04-23 22:17:07 -0700
Processing by Devise::SessionsController#new as HTML
  Rendering subletters/sessions/new.html.erb within layouts/application
  Rendered subletters/shared/_links.html.erb (0.8ms)
  Rendered subletters/sessions/new.html.erb within layouts/application (4.1ms)
  Rendered layouts/_navigation_links.html.erb (0.5ms)
  Rendered layouts/_nav_links_for_auth.html.erb (1.6ms)
  Rendered layouts/_navigation.html.erb (5.7ms)
  Rendered layouts/_messages.html.erb (0.6ms)
Completed 200 OK in 98ms (Views: 96.9ms | ActiveRecord: 0.0ms)


Started GET "/subletter/sign_in" for 127.0.0.1 at 2018-04-23 22:17:12 -0700
Processing by Devise::SessionsController#new as HTML
  Rendering subletters/sessions/new.html.erb within layouts/application
  Rendered subletters/shared/_links.html.erb (1.5ms)
  Rendered subletters/sessions/new.html.erb within layouts/application (5.4ms)
  Rendered layouts/_navigation_links.html.erb (0.8ms)
  Rendered layouts/_nav_links_for_auth.html.erb (1.5ms)
  Rendered layouts/_navigation.html.erb (7.5ms)
  Rendered layouts/_messages.html.erb (0.4ms)
Completed 200 OK in 95ms (Views: 92.9ms | ActiveRecord: 0.0ms)


Started GET "/user/sign_in" for 127.0.0.1 at 2018-04-23 22:17:13 -0700
Processing by Devise::SessionsController#new as HTML
  Rendering users/sessions/new.html.erb within layouts/application
  Rendered users/shared/_links.html.erb (1.1ms)
  Rendered users/sessions/new.html.erb within layouts/application (4.5ms)
  Rendered layouts/_navigation_links.html.erb (0.5ms)
  Rendered layouts/_nav_links_for_auth.html.erb (1.3ms)
  Rendered layouts/_navigation.html.erb (4.6ms)
  Rendered layouts/_messages.html.erb (0.6ms)
Completed 200 OK in 101ms (Views: 99.4ms | ActiveRecord: 0.0ms)


Started GET "/app/views/signup/index.html" for 127.0.0.1 at 2018-04-23 22:17:14 -0700
Processing by SignupsController#index as HTML
  Rendering signups/index.html.erb within layouts/application
  Rendered signups/index.html.erb within layouts/application (1.5ms)
  Rendered layouts/_navigation_links.html.erb (0.4ms)
  Rendered layouts/_nav_links_for_auth.html.erb (0.9ms)
  Rendered layouts/_navigation.html.erb (3.8ms)
  Rendered layouts/_messages.html.erb (0.4ms)
Completed 200 OK in 69ms (Views: 66.9ms | ActiveRecord: 0.0ms)


Started GET "/subletter/sign_up" for 127.0.0.1 at 2018-04-23 22:17:16 -0700
Processing by Devise::RegistrationsController#new as HTML
  Rendering subletters/registrations/new.html.erb within layouts/application
  Rendered subletters/shared/_links.html.erb (0.9ms)
  Rendered subletters/registrations/new.html.erb within layouts/application (4.7ms)
  Rendered layouts/_navigation_links.html.erb (0.7ms)
  Rendered layouts/_nav_links_for_auth.html.erb (1.0ms)
  Rendered layouts/_navigation.html.erb (5.7ms)
  Rendered layouts/_messages.html.erb (0.4ms)
Completed 200 OK in 86ms (Views: 84.5ms | ActiveRecord: 0.0ms)


Started GET "/app/views/signup/index.html" for 127.0.0.1 at 2018-04-23 22:17:19 -0700
Processing by SignupsController#index as HTML
  Rendering signups/index.html.erb within layouts/application
  Rendered signups/index.html.erb within layouts/application (0.6ms)
  Rendered layouts/_navigation_links.html.erb (0.5ms)
  Rendered layouts/_nav_links_for_auth.html.erb (1.8ms)
  Rendered layouts/_navigation.html.erb (5.4ms)
  Rendered layouts/_messages.html.erb (0.7ms)
Completed 200 OK in 78ms (Views: 75.5ms | ActiveRecord: 0.0ms)


Started GET "/user/sign_up" for 127.0.0.1 at 2018-04-23 22:17:20 -0700
Processing by Devise::RegistrationsController#new as HTML
  Rendering users/registrations/new.html.erb within layouts/application
  Rendered users/shared/_links.html.erb (0.8ms)
  Rendered users/registrations/new.html.erb within layouts/application (4.8ms)
  Rendered layouts/_navigation_links.html.erb (0.9ms)
  Rendered layouts/_nav_links_for_auth.html.erb (1.7ms)
  Rendered layouts/_navigation.html.erb (7.9ms)
  Rendered layouts/_messages.html.erb (0.4ms)
Completed 200 OK in 75ms (Views: 74.1ms | ActiveRecord: 0.0ms)


